<?xml version="1.0" encoding="UTF-8"?>
<!-- Generated by org.testng.reporters.JUnitReportReporter -->
<testsuite skipped="0" hostname="DESKTOP-8SKO70U" name="test.DriverScript" tests="1" failures="0" timestamp="07 Jun 2019 09:45:28 GMT" time="40.471" errors="0">
  <testcase name="JiraId_1206" time="40.471" classname="test.DriverScript"/>
</testsuite> <!-- test.DriverScript -->
