<?xml version="1.0" encoding="UTF-8"?>
<!-- Generated by org.testng.reporters.JUnitReportReporter -->
<testsuite skipped="0" hostname="DESKTOP-8SKO70U" name="test.DriverScript" tests="1" failures="0" timestamp="05 Jun 2019 06:50:11 GMT" time="40.324" errors="0">
  <testcase name="JiraId_1206" time="40.324" classname="test.DriverScript"/>
</testsuite> <!-- test.DriverScript -->
