<?xml version="1.0" encoding="UTF-8"?>
<!-- Generated by org.testng.reporters.JUnitReportReporter -->
<testsuite skipped="0" hostname="DESKTOP-8SKO70U" name="unitTestCases.E2E_TestCase" tests="2" failures="0" timestamp="03 Jun 2019 12:45:16 GMT" time="2.849" errors="0">
  <testcase name="unitTest1" time="0.010" classname="unitTestCases.E2E_TestCase"/>
  <testcase name="autoComplete" time="2.839" classname="unitTestCases.E2E_TestCase"/>
</testsuite> <!-- unitTestCases.E2E_TestCase -->
