<?xml version="1.0" encoding="UTF-8"?>
<!-- Generated by org.testng.reporters.JUnitReportReporter -->
<testsuite skipped="0" hostname="DESKTOP-8SKO70U" name="unitTestCases.E2E_TestCase" tests="1" failures="0" timestamp="03 Jun 2019 11:58:21 GMT" time="5.270" errors="0">
  <testcase name="autoComplete" time="5.270" classname="unitTestCases.E2E_TestCase"/>
</testsuite> <!-- unitTestCases.E2E_TestCase -->
