<?xml version="1.0" encoding="UTF-8"?>
<!-- Generated by org.testng.reporters.JUnitReportReporter -->
<testsuite skipped="0" hostname="DESKTOP-8SKO70U" name="unitTestCases.MyFirstUnitTest" tests="1" failures="0" timestamp="03 Jun 2019 09:54:05 GMT" time="0.033" errors="0">
  <testcase name="unitTest1" time="0.033" classname="unitTestCases.MyFirstUnitTest"/>
</testsuite> <!-- unitTestCases.MyFirstUnitTest -->
