<?xml version="1.0" encoding="UTF-8"?>
<!-- Generated by org.testng.reporters.JUnitReportReporter -->
<testsuite skipped="0" hostname="DESKTOP-8SKO70U" name="simpleTestCase.HelloWorldProg" tests="1" failures="0" timestamp="02 Jun 2019 10:29:32 GMT" time="0.052" errors="0">
  <testcase name="test_TeamCity" time="0.052" classname="simpleTestCase.HelloWorldProg"/>
</testsuite> <!-- simpleTestCase.HelloWorldProg -->
